This is pdfTeX, Version 3.14159265-2.6-1.40.21 (TeX Live 2020/W32TeX) (preloaded format=pdflatex 2021.1.22)  16 FEB 2021 20:54
entering extended mode
 restricted \write18 enabled.
 %&-line parsing enabled.
**paper_1_supplement_new_table.tex
(./paper_1_supplement_new_table.tex
LaTeX2e <2020-10-01> patch level 4
L3 programming layer <2021-01-09> xparse <2020-03-03> (c:/Users/mk99feta/AppDat
a/Roaming/TinyTeX/texmf-dist/tex/latex/apa6/apa6.cls
Document Class: apa6 2020/01/13 v2.34 APA formatting (6th edition)

(c:/Users/mk99feta/AppData/Roaming/TinyTeX/texmf-dist/tex/latex/base/article.cl
s
Document Class: article 2020/04/10 v1.4m Standard LaTeX document class

(c:/Users/mk99feta/AppData/Roaming/TinyTeX/texmf-dist/tex/latex/base/size12.clo
File: size12.clo 2020/04/10 v1.4m Standard LaTeX file (size option)
)
\c@part=\count177
\c@section=\count178
\c@subsection=\count179
\c@subsubsection=\count180
\c@paragraph=\count181
\c@subparagraph=\count182
\c@figure=\count183
\c@table=\count184
\abovecaptionskip=\skip47
\belowcaptionskip=\skip48
\bibindent=\dimen138
)
(c:/Users/mk99feta/AppData/Roaming/TinyTeX/texmf-dist/tex/latex/etoolbox/etoolb
ox.sty
Package: etoolbox 2020/10/05 v2.5k e-TeX tools for LaTeX (JAW)
\etb@tempcnta=\count185
)
Class apa6 Info: No bibliography package was specified; defaulting to (but not 
loading) Biblatex on input line 213.
(c:/Users/mk99feta/AppData/Roaming/TinyTeX/texmf-dist/tex/latex/lm/lmodern.sty
Package: lmodern 2009/10/30 v1.6 Latin Modern Fonts
LaTeX Font Info:    Overwriting symbol font `operators' in version `normal'
(Font)                  OT1/cmr/m/n --> OT1/lmr/m/n on input line 22.
LaTeX Font Info:    Overwriting symbol font `letters' in version `normal'
(Font)                  OML/cmm/m/it --> OML/lmm/m/it on input line 23.
LaTeX Font Info:    Overwriting symbol font `symbols' in version `normal'
(Font)                  OMS/cmsy/m/n --> OMS/lmsy/m/n on input line 24.
LaTeX Font Info:    Overwriting symbol font `largesymbols' in version `normal'
(Font)                  OMX/cmex/m/n --> OMX/lmex/m/n on input line 25.
LaTeX Font Info:    Overwriting symbol font `operators' in version `bold'
(Font)                  OT1/cmr/bx/n --> OT1/lmr/bx/n on input line 26.
LaTeX Font Info:    Overwriting symbol font `letters' in version `bold'
(Font)                  OML/cmm/b/it --> OML/lmm/b/it on input line 27.
LaTeX Font Info:    Overwriting symbol font `symbols' in version `bold'
(Font)                  OMS/cmsy/b/n --> OMS/lmsy/b/n on input line 28.
LaTeX Font Info:    Overwriting symbol font `largesymbols' in version `bold'
(Font)                  OMX/cmex/m/n --> OMX/lmex/m/n on input line 29.
LaTeX Font Info:    Overwriting math alphabet `\mathbf' in version `normal'
(Font)                  OT1/cmr/bx/n --> OT1/lmr/bx/n on input line 31.
LaTeX Font Info:    Overwriting math alphabet `\mathsf' in version `normal'
(Font)                  OT1/cmss/m/n --> OT1/lmss/m/n on input line 32.
LaTeX Font Info:    Overwriting math alphabet `\mathit' in version `normal'
(Font)                  OT1/cmr/m/it --> OT1/lmr/m/it on input line 33.
LaTeX Font Info:    Overwriting math alphabet `\mathtt' in version `normal'
(Font)                  OT1/cmtt/m/n --> OT1/lmtt/m/n on input line 34.
LaTeX Font Info:    Overwriting math alphabet `\mathbf' in version `bold'
(Font)                  OT1/cmr/bx/n --> OT1/lmr/bx/n on input line 35.
LaTeX Font Info:    Overwriting math alphabet `\mathsf' in version `bold'
(Font)                  OT1/cmss/bx/n --> OT1/lmss/bx/n on input line 36.
LaTeX Font Info:    Overwriting math alphabet `\mathit' in version `bold'
(Font)                  OT1/cmr/bx/it --> OT1/lmr/bx/it on input line 37.
LaTeX Font Info:    Overwriting math alphabet `\mathtt' in version `bold'
(Font)                  OT1/cmtt/m/n --> OT1/lmtt/m/n on input line 38.
)
(c:/Users/mk99feta/AppData/Roaming/TinyTeX/texmf-dist/tex/latex/base/fontenc.st
y
Package: fontenc 2020/08/10 v2.0s Standard LaTeX package
LaTeX Font Info:    Trying to load font information for T1+lmr on input line 11
2.
(c:/Users/mk99feta/AppData/Roaming/TinyTeX/texmf-dist/tex/latex/lm/t1lmr.fd
File: t1lmr.fd 2009/10/30 v1.6 Font defs for Latin Modern
))
(c:/Users/mk99feta/AppData/Roaming/TinyTeX/texmf-dist/tex/latex/geometry/geomet
ry.sty
Package: geometry 2020/01/02 v5.9 Page Geometry

(c:/Users/mk99feta/AppData/Roaming/TinyTeX/texmf-dist/tex/latex/graphics/keyval
.sty
Package: keyval 2014/10/28 v1.15 key=value parser (DPC)
\KV@toks@=\toks15
)
(c:/Users/mk99feta/AppData/Roaming/TinyTeX/texmf-dist/tex/generic/iftex/ifvtex.
sty
Package: ifvtex 2019/10/25 v1.7 ifvtex legacy package. Use iftex instead.

(c:/Users/mk99feta/AppData/Roaming/TinyTeX/texmf-dist/tex/generic/iftex/iftex.s
ty
Package: iftex 2020/03/06 v1.0d TeX engine tests
))
\Gm@cnth=\count186
\Gm@cntv=\count187
\c@Gm@tempcnt=\count188
\Gm@bindingoffset=\dimen139
\Gm@wd@mp=\dimen140
\Gm@odd@mp=\dimen141
\Gm@even@mp=\dimen142
\Gm@layoutwidth=\dimen143
\Gm@layoutheight=\dimen144
\Gm@layouthoffset=\dimen145
\Gm@layoutvoffset=\dimen146
\Gm@dimlist=\toks16
)
(c:/Users/mk99feta/AppData/Roaming/TinyTeX/texmf-dist/tex/latex/graphics/graphi
cx.sty
Package: graphicx 2020/09/09 v1.2b Enhanced LaTeX Graphics (DPC,SPQR)

(c:/Users/mk99feta/AppData/Roaming/TinyTeX/texmf-dist/tex/latex/graphics/graphi
cs.sty
Package: graphics 2020/08/30 v1.4c Standard LaTeX Graphics (DPC,SPQR)

(c:/Users/mk99feta/AppData/Roaming/TinyTeX/texmf-dist/tex/latex/graphics/trig.s
ty
Package: trig 2016/01/03 v1.10 sin cos tan (DPC)
)
(c:/Users/mk99feta/AppData/Roaming/TinyTeX/texmf-dist/tex/latex/graphics-cfg/gr
aphics.cfg
File: graphics.cfg 2016/06/04 v1.11 sample graphics configuration
)
Package graphics Info: Driver file: pdftex.def on input line 105.

(c:/Users/mk99feta/AppData/Roaming/TinyTeX/texmf-dist/tex/latex/graphics-def/pd
ftex.def
File: pdftex.def 2020/10/05 v1.2a Graphics/color driver for pdftex
))
\Gin@req@height=\dimen147
\Gin@req@width=\dimen148
)
(c:/Users/mk99feta/AppData/Roaming/TinyTeX/texmf-dist/tex/latex/booktabs/bookta
bs.sty
Package: booktabs 2020/01/12 v1.61803398 Publication quality tables
\heavyrulewidth=\dimen149
\lightrulewidth=\dimen150
\cmidrulewidth=\dimen151
\belowrulesep=\dimen152
\belowbottomsep=\dimen153
\aboverulesep=\dimen154
\abovetopsep=\dimen155
\cmidrulesep=\dimen156
\cmidrulekern=\dimen157
\defaultaddspace=\dimen158
\@cmidla=\count189
\@cmidlb=\count190
\@aboverulesep=\dimen159
\@belowrulesep=\dimen160
\@thisruleclass=\count191
\@lastruleclass=\count192
\@thisrulewidth=\dimen161
)
(c:/Users/mk99feta/AppData/Roaming/TinyTeX/texmf-dist/tex/latex/threeparttable/
threeparttable.sty
Package: threeparttable 2003/06/13  v 3.0
\@tempboxb=\box47
)
\b@level@one@skip=\skip49
\e@level@one@skip=\skip50
\b@level@two@skip=\skip51
\e@level@two@skip=\skip52
\b@level@three@skip=\skip53
\e@level@three@skip=\skip54
\b@level@four@skip=\skip55
\e@level@four@skip=\skip56
\b@level@five@skip=\skip57
\e@level@five@skip=\skip58

(c:/Users/mk99feta/AppData/Roaming/TinyTeX/texmf-dist/tex/latex/caption/caption
.sty
Package: caption 2020/10/26 v3.5g Customizing captions (AR)

(c:/Users/mk99feta/AppData/Roaming/TinyTeX/texmf-dist/tex/latex/caption/caption
3.sty
Package: caption3 2020/10/21 v2.2e caption3 kernel (AR)
\captionmargin=\dimen162
\captionmargin@=\dimen163
\captionwidth=\dimen164
\caption@tempdima=\dimen165
\caption@indent=\dimen166
\caption@parindent=\dimen167
\caption@hangindent=\dimen168
Package caption Info: Standard document class detected.
)
\c@caption@flags=\count193
\c@continuedfloat=\count194
Package caption Info: threeparttable package is loaded.
)
\c@APAenum=\count195
\@text@par@indent=\skip59
\gr@box=\box48
\gr@boxwidth=\skip60
\gr@boxheight=\skip61
(c:/Users/mk99feta/AppData/Roaming/TinyTeX/texmf-dist/tex/latex/tools/bm.sty
Package: bm 2019/07/24 v1.2d Bold Symbol Support (DPC/FMi)
\symboldoperators=\mathgroup4
\symboldletters=\mathgroup5
\symboldsymbols=\mathgroup6
LaTeX Font Info:    Redeclaring math alphabet \mathbf on input line 141.
LaTeX Info: Redefining \bm on input line 209.
)
\c@appendix=\count196

(c:/Users/mk99feta/AppData/Roaming/TinyTeX/texmf-dist/tex/latex/fancyhdr/fancyh
dr.sty
Package: fancyhdr 2021/01/28 v4.0.1 Extensive control of page headers and foote
rs
\f@nch@headwidth=\skip62
\f@nch@O@elh=\skip63
\f@nch@O@erh=\skip64
\f@nch@O@olh=\skip65
\f@nch@O@orh=\skip66
\f@nch@O@elf=\skip67
\f@nch@O@erf=\skip68
\f@nch@O@olf=\skip69
\f@nch@O@orf=\skip70
)
(c:/Users/mk99feta/AppData/Roaming/TinyTeX/texmf-dist/tex/latex/endfloat/endflo
at.sty
Package: endfloat 2019/04/15 v2.7 LaTeX2e package puts figures and tables at en
d (jdm)
\c@posttable=\count197
\efloat@postttt=\write3
\@ef@tttopen=\count198
\c@postfigure=\count199
\efloat@postfff=\write4
\@ef@fffopen=\count266
)
(c:/Users/mk99feta/AppData/Roaming/TinyTeX/texmf-dist/tex/latex/float/float.sty
Package: float 2001/11/08 v1.3d Float enhancements (AL)
\c@float@type=\count267
\float@exts=\toks17
\float@box=\box49
\@float@everytoks=\toks18
\@floatcapt=\box50
))
(c:/Users/mk99feta/AppData/Roaming/TinyTeX/texmf-dist/tex/latex/amsmath/amsmath
.sty
Package: amsmath 2020/09/23 v2.17i AMS math features
\@mathmargin=\skip71
For additional information on amsmath, use the `?' option.

(c:/Users/mk99feta/AppData/Roaming/TinyTeX/texmf-dist/tex/latex/amsmath/amstext
.sty
Package: amstext 2000/06/29 v2.01 AMS text

(c:/Users/mk99feta/AppData/Roaming/TinyTeX/texmf-dist/tex/latex/amsmath/amsgen.
sty
File: amsgen.sty 1999/11/30 v2.0 generic functions
\@emptytoks=\toks19
\ex@=\dimen169
))
(c:/Users/mk99feta/AppData/Roaming/TinyTeX/texmf-dist/tex/latex/amsmath/amsbsy.
sty
Package: amsbsy 1999/11/29 v1.2d Bold Symbols
LaTeX Info: Redefining \boldsymbol on input line 28.
\pmbraise@=\dimen170
)
(c:/Users/mk99feta/AppData/Roaming/TinyTeX/texmf-dist/tex/latex/amsmath/amsopn.
sty
Package: amsopn 2016/03/08 v2.02 operator names
)
\inf@bad=\count268
LaTeX Info: Redefining \frac on input line 234.
\uproot@=\count269
\leftroot@=\count270
LaTeX Info: Redefining \overline on input line 399.
\classnum@=\count271
\DOTSCASE@=\count272
LaTeX Info: Redefining \ldots on input line 496.
LaTeX Info: Redefining \dots on input line 499.
LaTeX Info: Redefining \cdots on input line 620.
\Mathstrutbox@=\box51
\strutbox@=\box52
\big@size=\dimen171
LaTeX Font Info:    Redeclaring font encoding OML on input line 743.
LaTeX Font Info:    Redeclaring font encoding OMS on input line 744.
\macc@depth=\count273
\c@MaxMatrixCols=\count274
\dotsspace@=\muskip16
\c@parentequation=\count275
\dspbrk@lvl=\count276
\tag@help=\toks20
\row@=\count277
\column@=\count278
\maxfields@=\count279
\andhelp@=\toks21
\eqnshift@=\dimen172
\alignsep@=\dimen173
\tagshift@=\dimen174
\tagwidth@=\dimen175
\totwidth@=\dimen176
\lineht@=\dimen177
\@envbody=\toks22
\multlinegap=\skip72
\multlinetaggap=\skip73
\mathdisplay@stack=\toks23
LaTeX Info: Redefining \[ on input line 2923.
LaTeX Info: Redefining \] on input line 2924.
)
(c:/Users/mk99feta/AppData/Roaming/TinyTeX/texmf-dist/tex/generic/iftex/ifxetex
.sty
Package: ifxetex 2019/10/25 v0.7 ifxetex legacy package. Use iftex instead.
)
(c:/Users/mk99feta/AppData/Roaming/TinyTeX/texmf-dist/tex/generic/iftex/ifluate
x.sty
Package: ifluatex 2019/10/25 v1.5 ifluatex legacy package. Use iftex instead.
)
(c:/Users/mk99feta/AppData/Roaming/TinyTeX/texmf-dist/tex/latex/base/fontenc.st
y
Package: fontenc 2020/08/10 v2.0s Standard LaTeX package
)
(c:/Users/mk99feta/AppData/Roaming/TinyTeX/texmf-dist/tex/latex/base/inputenc.s
ty
Package: inputenc 2020/08/01 v1.3d Input encoding file
\inpenc@prehook=\toks24
\inpenc@posthook=\toks25
)
(c:/Users/mk99feta/AppData/Roaming/TinyTeX/texmf-dist/tex/latex/base/textcomp.s
ty
Package: textcomp 2020/02/02 v2.0n Standard LaTeX package
)
(c:/Users/mk99feta/AppData/Roaming/TinyTeX/texmf-dist/tex/latex/amsfonts/amssym
b.sty
Package: amssymb 2013/01/14 v3.01 AMS font symbols

(c:/Users/mk99feta/AppData/Roaming/TinyTeX/texmf-dist/tex/latex/amsfonts/amsfon
ts.sty
Package: amsfonts 2013/01/14 v3.01 Basic AMSFonts support
\symAMSa=\mathgroup7
\symAMSb=\mathgroup8
LaTeX Font Info:    Redeclaring math symbol \hbar on input line 98.
LaTeX Font Info:    Overwriting math alphabet `\mathfrak' in version `bold'
(Font)                  U/euf/m/n --> U/euf/b/n on input line 106.
))
(c:/Users/mk99feta/AppData/Roaming/TinyTeX/texmf-dist/tex/latex/xcolor/xcolor.s
ty
Package: xcolor 2016/05/11 v2.12 LaTeX color extensions (UK)

(c:/Users/mk99feta/AppData/Roaming/TinyTeX/texmf-dist/tex/latex/graphics-cfg/co
lor.cfg
File: color.cfg 2016/01/02 v1.6 sample color configuration
)
Package xcolor Info: Driver file: pdftex.def on input line 225.
Package xcolor Info: Model `cmy' substituted by `cmy0' on input line 1348.
Package xcolor Info: Model `hsb' substituted by `rgb' on input line 1352.
Package xcolor Info: Model `RGB' extended on input line 1364.
Package xcolor Info: Model `HTML' substituted by `rgb' on input line 1366.
Package xcolor Info: Model `Hsb' substituted by `hsb' on input line 1367.
Package xcolor Info: Model `tHsb' substituted by `hsb' on input line 1368.
Package xcolor Info: Model `HSB' substituted by `hsb' on input line 1369.
Package xcolor Info: Model `Gray' substituted by `gray' on input line 1370.
Package xcolor Info: Model `wave' substituted by `hsb' on input line 1371.
)
(c:/Users/mk99feta/AppData/Roaming/TinyTeX/texmf-dist/tex/latex/hyperref/hyperr
ef.sty
Package: hyperref 2021-02-08 v7.00i Hypertext links for LaTeX

(c:/Users/mk99feta/AppData/Roaming/TinyTeX/texmf-dist/tex/generic/ltxcmds/ltxcm
ds.sty
Package: ltxcmds 2020-05-10 v1.25 LaTeX kernel commands for general use (HO)
)
(c:/Users/mk99feta/AppData/Roaming/TinyTeX/texmf-dist/tex/generic/pdftexcmds/pd
ftexcmds.sty
Package: pdftexcmds 2020-06-27 v0.33 Utility functions of pdfTeX for LuaTeX (HO
)

(c:/Users/mk99feta/AppData/Roaming/TinyTeX/texmf-dist/tex/generic/infwarerr/inf
warerr.sty
Package: infwarerr 2019/12/03 v1.5 Providing info/warning/error messages (HO)
)
Package pdftexcmds Info: \pdf@primitive is available.
Package pdftexcmds Info: \pdf@ifprimitive is available.
Package pdftexcmds Info: \pdfdraftmode found.
)
(c:/Users/mk99feta/AppData/Roaming/TinyTeX/texmf-dist/tex/generic/kvsetkeys/kvs
etkeys.sty
Package: kvsetkeys 2019/12/15 v1.18 Key value parser (HO)
)
(c:/Users/mk99feta/AppData/Roaming/TinyTeX/texmf-dist/tex/generic/kvdefinekeys/
kvdefinekeys.sty
Package: kvdefinekeys 2019-12-19 v1.6 Define keys (HO)
)
(c:/Users/mk99feta/AppData/Roaming/TinyTeX/texmf-dist/tex/generic/pdfescape/pdf
escape.sty
Package: pdfescape 2019/12/09 v1.15 Implements pdfTeX's escape features (HO)
)
(c:/Users/mk99feta/AppData/Roaming/TinyTeX/texmf-dist/tex/latex/hycolor/hycolor
.sty
Package: hycolor 2020-01-27 v1.10 Color options for hyperref/bookmark (HO)
)
(c:/Users/mk99feta/AppData/Roaming/TinyTeX/texmf-dist/tex/latex/letltxmacro/let
ltxmacro.sty
Package: letltxmacro 2019/12/03 v1.6 Let assignment for LaTeX macros (HO)
)
(c:/Users/mk99feta/AppData/Roaming/TinyTeX/texmf-dist/tex/latex/auxhook/auxhook
.sty
Package: auxhook 2019-12-17 v1.6 Hooks for auxiliary files (HO)
)
(c:/Users/mk99feta/AppData/Roaming/TinyTeX/texmf-dist/tex/latex/kvoptions/kvopt
ions.sty
Package: kvoptions 2020-10-07 v3.14 Key value format for package options (HO)
)
\@linkdim=\dimen178
\Hy@linkcounter=\count280
\Hy@pagecounter=\count281

(c:/Users/mk99feta/AppData/Roaming/TinyTeX/texmf-dist/tex/latex/hyperref/pd1enc
.def
File: pd1enc.def 2021-02-08 v7.00i Hyperref: PDFDocEncoding definition (HO)
Now handling font encoding PD1 ...
... no UTF-8 mapping file for font encoding PD1
)
(c:/Users/mk99feta/AppData/Roaming/TinyTeX/texmf-dist/tex/latex/hyperref/hyperr
ef-langpatches.def
File: hyperref-langpatches.def 2021-02-08 v7.00i Hyperref: patches for babel la
nguages
)
(c:/Users/mk99feta/AppData/Roaming/TinyTeX/texmf-dist/tex/generic/intcalc/intca
lc.sty
Package: intcalc 2019/12/15 v1.3 Expandable calculations with integers (HO)
)
(c:/Users/mk99feta/AppData/Roaming/TinyTeX/texmf-dist/tex/generic/etexcmds/etex
cmds.sty
Package: etexcmds 2019/12/15 v1.7 Avoid name clashes with e-TeX commands (HO)
)
\Hy@SavedSpaceFactor=\count282
Package hyperref Info: Option `unicode' set `true' on input line 4058.

(c:/Users/mk99feta/AppData/Roaming/TinyTeX/texmf-dist/tex/latex/hyperref/puenc.
def
File: puenc.def 2021-02-08 v7.00i Hyperref: PDF Unicode definition (HO)
Now handling font encoding PU ...
... no UTF-8 mapping file for font encoding PU
)
Package hyperref Info: Hyper figures OFF on input line 4180.
Package hyperref Info: Link nesting OFF on input line 4185.
Package hyperref Info: Hyper index ON on input line 4188.
Package hyperref Info: Plain pages OFF on input line 4195.
Package hyperref Info: Backreferencing OFF on input line 4200.
Package hyperref Info: Implicit mode ON; LaTeX internals redefined.
Package hyperref Info: Bookmarks ON on input line 4433.
\c@Hy@tempcnt=\count283
(c:/Users/mk99feta/AppData/Roaming/TinyTeX/texmf-dist/tex/latex/url/url.sty
\Urlmuskip=\muskip17
Package: url 2013/09/16  ver 3.4  Verb mode for urls, etc.
)
LaTeX Info: Redefining \url on input line 4792.
\XeTeXLinkMargin=\dimen179

(c:/Users/mk99feta/AppData/Roaming/TinyTeX/texmf-dist/tex/generic/bitset/bitset
.sty
Package: bitset 2019/12/09 v1.3 Handle bit-vector datatype (HO)

(c:/Users/mk99feta/AppData/Roaming/TinyTeX/texmf-dist/tex/generic/bigintcalc/bi
gintcalc.sty
Package: bigintcalc 2019/12/15 v1.5 Expandable calculations on big integers (HO
)
))
\Fld@menulength=\count284
\Field@Width=\dimen180
\Fld@charsize=\dimen181
Package hyperref Info: Hyper figures OFF on input line 6063.
Package hyperref Info: Link nesting OFF on input line 6068.
Package hyperref Info: Hyper index ON on input line 6071.
Package hyperref Info: backreferencing OFF on input line 6078.
Package hyperref Info: Link coloring OFF on input line 6083.
Package hyperref Info: Link coloring with OCG OFF on input line 6088.
Package hyperref Info: PDF/A mode OFF on input line 6093.
LaTeX Info: Redefining \ref on input line 6133.
LaTeX Info: Redefining \pageref on input line 6137.

(c:/Users/mk99feta/AppData/Roaming/TinyTeX/texmf-dist/tex/latex/base/atbegshi-l
tx.sty
Package: atbegshi-ltx 2020/08/17 v1.0a Emulation of the original atbegshi packa
ge
with kernel methods
)
\Hy@abspage=\count285
\c@Item=\count286
\c@Hfootnote=\count287
)
Package hyperref Info: Driver (autodetected): hpdftex.

(c:/Users/mk99feta/AppData/Roaming/TinyTeX/texmf-dist/tex/latex/hyperref/hpdfte
x.def
File: hpdftex.def 2021-02-08 v7.00i Hyperref driver for pdfTeX

(c:/Users/mk99feta/AppData/Roaming/TinyTeX/texmf-dist/tex/latex/base/atveryend-
ltx.sty
Package: atveryend-ltx 2020/08/19 v1.0a Emulation of the original atvery packag
e
with kernel methods
)
\Fld@listcount=\count288
\c@bookmark@seq@number=\count289

(c:/Users/mk99feta/AppData/Roaming/TinyTeX/texmf-dist/tex/latex/rerunfilecheck/
rerunfilecheck.sty
Package: rerunfilecheck 2019/12/05 v1.9 Rerun checks for auxiliary files (HO)

(c:/Users/mk99feta/AppData/Roaming/TinyTeX/texmf-dist/tex/generic/uniquecounter
/uniquecounter.sty
Package: uniquecounter 2019/12/15 v1.4 Provide unlimited unique counter (HO)
)
Package uniquecounter Info: New unique counter `rerunfilecheck' on input line 2
86.
)
\Hy@SectionHShift=\skip74
)
(c:/Users/mk99feta/AppData/Roaming/TinyTeX/texmf-dist/tex/latex/was/upgreek.sty
Package: upgreek 2003/02/12 v2.0 (WaS)
Package upgreek Info: Using Euler Roman for upright Greek on input line 31.
\symugrf@m=\mathgroup9
LaTeX Font Info:    Overwriting symbol font `ugrf@m' in version `bold'
(Font)                  U/eur/m/n --> U/eur/b/n on input line 38.
)
(c:/Users/mk99feta/AppData/Roaming/TinyTeX/texmf-dist/tex/latex/tools/longtable
.sty
Package: longtable 2020/01/07 v4.13 Multi-page Table package (DPC)
\LTleft=\skip75
\LTright=\skip76
\LTpre=\skip77
\LTpost=\skip78
\LTchunksize=\count290
\LTcapwidth=\dimen182
\LT@head=\box53
\LT@firsthead=\box54
\LT@foot=\box55
\LT@lastfoot=\box56
\LT@cols=\count291
\LT@rows=\count292
\c@LT@tables=\count293
\c@LT@chunks=\count294
\LT@p@ftn=\toks26
)
(c:/Users/mk99feta/AppData/Roaming/TinyTeX/texmf-dist/tex/latex/graphics/lscape
.sty
Package: lscape 2020/05/28 v3.02 Landscape Pages (DPC)
)
(c:/Users/mk99feta/AppData/Roaming/TinyTeX/texmf-dist/tex/latex/multirow/multir
ow.sty
Package: multirow 2021/01/29 v2.7 Span multiple rows of a table
\multirow@colwidth=\skip79
\multirow@cntb=\count295
\multirow@dima=\skip80
\bigstrutjot=\dimen183
)
(c:/Users/mk99feta/AppData/Roaming/TinyTeX/texmf-dist/tex/latex/tools/tabularx.
sty
Package: tabularx 2020/01/15 v2.11c `tabularx' package (DPC)

(c:/Users/mk99feta/AppData/Roaming/TinyTeX/texmf-dist/tex/latex/tools/array.sty
Package: array 2020/10/01 v2.5c Tabular extension package (FMi)
\col@sep=\dimen184
\ar@mcellbox=\box57
\extrarowheight=\dimen185
\NC@list=\toks27
\extratabsurround=\skip81
\backup@length=\skip82
\ar@cellbox=\box58
)
\TX@col@width=\dimen186
\TX@old@table=\dimen187
\TX@old@col=\dimen188
\TX@target=\dimen189
\TX@delta=\dimen190
\TX@cols=\count296
\TX@ftn=\toks28
)
(c:/Users/mk99feta/AppData/Roaming/TinyTeX/texmf-dist/tex/latex/threeparttablex
/threeparttablex.sty
Package: threeparttablex 2013/07/23 v0.3 by daleif

(c:/Users/mk99feta/AppData/Roaming/TinyTeX/texmf-dist/tex/latex/environ/environ
.sty
Package: environ 2014/05/04 v0.3 A new way to define environments

(c:/Users/mk99feta/AppData/Roaming/TinyTeX/texmf-dist/tex/latex/trimspaces/trim
spaces.sty
Package: trimspaces 2009/09/17 v1.1 Trim spaces around a token list
))
\TPTL@width=\skip83
)
\longtablewidth=\skip84

(c:/Users/mk99feta/AppData/Roaming/TinyTeX/texmf-dist/tex/latex/lineno/lineno.s
ty
Package: lineno 2005/11/02 line numbers on paragraphs v4.41
\linenopenalty=\count297
\output=\toks29
\linenoprevgraf=\count298
\linenumbersep=\dimen191
\linenumberwidth=\dimen192
\c@linenumber=\count299
\c@pagewiselinenumber=\count300
\c@LN@truepage=\count301
\c@internallinenumber=\count302
\c@internallinenumbers=\count303
\quotelinenumbersep=\dimen193
\bframerule=\dimen194
\bframesep=\dimen195
\bframebox=\box59
LaTeX Info: Redefining \\ on input line 3056.
)
(c:/Users/mk99feta/AppData/Roaming/TinyTeX/texmf-dist/tex/latex/csquotes/csquot
es.sty
Package: csquotes 2021-01-04 v5.2k context-sensitive quotations (JAW)
\csq@reset=\count304
\csq@gtype=\count305
\csq@glevel=\count306
\csq@qlevel=\count307
\csq@maxlvl=\count308
\csq@tshold=\count309
\csq@ltx@everypar=\toks30

(c:/Users/mk99feta/AppData/Roaming/TinyTeX/texmf-dist/tex/latex/csquotes/csquot
es.def
File: csquotes.def 2021-01-04 v5.2k csquotes generic definitions (JAW)
)
Package csquotes Info: Trying to load configuration file 'csquotes.cfg'...
Package csquotes Info: ... configuration file loaded successfully.

(c:/Users/mk99feta/AppData/Roaming/TinyTeX/texmf-dist/tex/latex/csquotes/csquot
es.cfg
File: csquotes.cfg 
))
(c:/Users/mk99feta/AppData/Roaming/TinyTeX/texmf-dist/tex/generic/babel/babel.s
ty
Package: babel 2021/01/26 3.53 The Babel package

(c:/Users/mk99feta/AppData/Roaming/TinyTeX/texmf-dist/tex/generic/babel/babel.d
ef
File: babel.def 2021/01/26 3.53 Babel common definitions
\babel@savecnt=\count310
\U@D=\dimen196
\l@babelnohyphens=\language3

(c:/Users/mk99feta/AppData/Roaming/TinyTeX/texmf-dist/tex/generic/babel/txtbabe
l.def)
\bbl@readstream=\read2
)
\bbl@dirlevel=\count311

(c:/Users/mk99feta/AppData/Roaming/TinyTeX/texmf-dist/tex/generic/babel-english
/english.ldf
Language: english 2017/06/06 v3.3r English support from the babel system
Package babel Info: \l@british = using hyphenrules for english
(babel)             (\language0) on input line 82.
Package babel Info: \l@UKenglish = using hyphenrules for english
(babel)             (\language0) on input line 83.
Package babel Info: \l@canadian = using hyphenrules for english
(babel)             (\language0) on input line 102.
Package babel Info: \l@australian = using hyphenrules for english
(babel)             (\language0) on input line 105.
Package babel Info: \l@newzealand = using hyphenrules for english
(babel)             (\language0) on input line 108.
)
(c:/Users/mk99feta/AppData/Roaming/TinyTeX/texmf-dist/tex/generic/babel-english
/english.ldf
Language: english 2017/06/06 v3.3r English support from the babel system
))
\cslhangindent=\skip85
\csllabelwidth=\skip86
(c:/Users/mk99feta/AppData/Roaming/TinyTeX/texmf-dist/tex/latex/tools/calc.sty
Package: calc 2017/05/25 v4.3 Infix arithmetic (KKT,FJ)
\calc@Acount=\count312
\calc@Bcount=\count313
\calc@Adimen=\dimen197
\calc@Bdimen=\dimen198
\calc@Askip=\skip87
\calc@Bskip=\skip88
LaTeX Info: Redefining \setlength on input line 80.
LaTeX Info: Redefining \addtolength on input line 81.
\calc@Ccount=\count314
\calc@Cskip=\skip89
)
Package csquotes Info: Checking for multilingual support...
Package csquotes Info: ... found 'babel' package.
Package csquotes Info: Adjusting default style.
Package csquotes Info: Redefining alias 'default' -> 'english'.

(c:/Users/mk99feta/AppData/Roaming/TinyTeX/texmf-dist/tex/latex/l3backend/l3bac
kend-pdftex.def
File: l3backend-pdftex.def 2021-02-06 L3 backend support: PDF output (pdfTeX)
\l__color_backend_stack_int=\count315
\l__pdf_internal_box=\box60
) (./paper_1_supplement_new_table.aux)
\openout1 = `paper_1_supplement_new_table.aux'.

LaTeX Font Info:    Checking defaults for OML/cmm/m/it on input line 173.
LaTeX Font Info:    ... okay on input line 173.
LaTeX Font Info:    Checking defaults for OMS/cmsy/m/n on input line 173.
LaTeX Font Info:    ... okay on input line 173.
LaTeX Font Info:    Checking defaults for OT1/cmr/m/n on input line 173.
LaTeX Font Info:    ... okay on input line 173.
LaTeX Font Info:    Checking defaults for T1/cmr/m/n on input line 173.
LaTeX Font Info:    ... okay on input line 173.
LaTeX Font Info:    Checking defaults for TS1/cmr/m/n on input line 173.
LaTeX Font Info:    ... okay on input line 173.
LaTeX Font Info:    Checking defaults for OMX/cmex/m/n on input line 173.
LaTeX Font Info:    ... okay on input line 173.
LaTeX Font Info:    Checking defaults for U/cmr/m/n on input line 173.
LaTeX Font Info:    ... okay on input line 173.
LaTeX Font Info:    Checking defaults for PD1/pdf/m/n on input line 173.
LaTeX Font Info:    ... okay on input line 173.
LaTeX Font Info:    Checking defaults for PU/pdf/m/n on input line 173.
LaTeX Font Info:    ... okay on input line 173.
*geometry* driver: auto-detecting
*geometry* detected driver: pdftex
*geometry* verbose mode - [ preamble ] result:
* driver: pdftex
* paper: <default>
* layout: <same size as paper>
* layoutoffset:(h,v)=(0.0pt,0.0pt)
* modes: twoside 
* h-part:(L,W,R)=(72.26999pt, 469.75502pt, 72.26999pt)
* v-part:(T,H,B)=(72.26999pt, 650.43001pt, 72.26999pt)
* \paperwidth=614.295pt
* \paperheight=794.96999pt
* \textwidth=469.75502pt
* \textheight=650.43001pt
* \oddsidemargin=0.0pt
* \evensidemargin=0.0pt
* \topmargin=-37.0pt
* \headheight=15.2pt
* \headsep=25.0pt
* \topskip=12.0pt
* \footskip=30.0pt
* \marginparwidth=95.0pt
* \marginparsep=10.0pt
* \columnsep=10.0pt
* \skip\footins=10.8pt plus 4.0pt minus 2.0pt
* \hoffset=0.0pt
* \voffset=0.0pt
* \mag=1000
* \@twocolumnfalse
* \@twosidetrue
* \@mparswitchtrue
* \@reversemarginfalse
* (1in=72.27pt=25.4mm, 1cm=28.453pt)


(c:/Users/mk99feta/AppData/Roaming/TinyTeX/texmf-dist/tex/latex/epstopdf-pkg/ep
stopdf-base.sty
Package: epstopdf-base 2020-01-24 v2.11 Base part for package epstopdf
Package epstopdf-base Info: Redefining graphics rule for `.eps' on input line 4
85.

(c:/Users/mk99feta/AppData/Roaming/TinyTeX/texmf-dist/tex/latex/latexconfig/eps
topdf-sys.cfg
File: epstopdf-sys.cfg 2010/07/13 v1.3 Configuration of (r)epstopdf for TeX Liv
e
))
(c:/Users/mk99feta/AppData/Roaming/TinyTeX/texmf-dist/tex/latex/apa6/config/APA
american.txt
File: APAamerican.txt 2012/02/23 v1.25 apa6 configuration for American English
)
Package caption Info: Begin \AtBeginDocument code.
Package caption Info: float package is loaded.
Package caption Info: hyperref package is loaded.
Package caption Info: longtable package is loaded.

(c:/Users/mk99feta/AppData/Roaming/TinyTeX/texmf-dist/tex/latex/caption/ltcapti
on.sty
Package: ltcaption 2020/05/30 v1.4b longtable captions (AR)
)
Package caption Info: End \AtBeginDocument code.
Package hyperref Info: Link coloring OFF on input line 173.

(c:/Users/mk99feta/AppData/Roaming/TinyTeX/texmf-dist/tex/latex/hyperref/namere
f.sty
Package: nameref 2021-04-02 v2.47 Cross-referencing by name of section

(c:/Users/mk99feta/AppData/Roaming/TinyTeX/texmf-dist/tex/latex/refcount/refcou
nt.sty
Package: refcount 2019/12/15 v3.6 Data extraction from label references (HO)
)
(c:/Users/mk99feta/AppData/Roaming/TinyTeX/texmf-dist/tex/generic/gettitlestrin
g/gettitlestring.sty
Package: gettitlestring 2019/12/15 v1.6 Cleanup title references (HO)
)
\c@section@level=\count316
)
LaTeX Info: Redefining \ref on input line 173.
LaTeX Info: Redefining \pageref on input line 173.
LaTeX Info: Redefining \nameref on input line 173.
(./paper_1_supplement_new_table.out) (./paper_1_supplement_new_table.out)
\@outlinefile=\write5
\openout5 = `paper_1_supplement_new_table.out'.

LaTeX Font Info:    Trying to load font information for T1+lmss on input line 1
75.
(c:/Users/mk99feta/AppData/Roaming/TinyTeX/texmf-dist/tex/latex/lm/t1lmss.fd
File: t1lmss.fd 2009/10/30 v1.6 Font defs for Latin Modern
)
LaTeX Font Info:    Trying to load font information for OT1+lmr on input line 1
75.
(c:/Users/mk99feta/AppData/Roaming/TinyTeX/texmf-dist/tex/latex/lm/ot1lmr.fd
File: ot1lmr.fd 2009/10/30 v1.6 Font defs for Latin Modern
)
LaTeX Font Info:    Trying to load font information for OML+lmm on input line 1
75.
(c:/Users/mk99feta/AppData/Roaming/TinyTeX/texmf-dist/tex/latex/lm/omllmm.fd
File: omllmm.fd 2009/10/30 v1.6 Font defs for Latin Modern
)
LaTeX Font Info:    Trying to load font information for OMS+lmsy on input line 
175.
(c:/Users/mk99feta/AppData/Roaming/TinyTeX/texmf-dist/tex/latex/lm/omslmsy.fd
File: omslmsy.fd 2009/10/30 v1.6 Font defs for Latin Modern
)
LaTeX Font Info:    Trying to load font information for OMX+lmex on input line 
175.
(c:/Users/mk99feta/AppData/Roaming/TinyTeX/texmf-dist/tex/latex/lm/omxlmex.fd
File: omxlmex.fd 2009/10/30 v1.6 Font defs for Latin Modern
)
LaTeX Font Info:    External font `lmex10' loaded for size
(Font)              <12> on input line 175.
LaTeX Font Info:    External font `lmex10' loaded for size
(Font)              <8> on input line 175.
LaTeX Font Info:    External font `lmex10' loaded for size
(Font)              <6> on input line 175.
LaTeX Font Info:    Trying to load font information for U+msa on input line 175
.

(c:/Users/mk99feta/AppData/Roaming/TinyTeX/texmf-dist/tex/latex/amsfonts/umsa.f
d
File: umsa.fd 2013/01/14 v3.01 AMS symbols A
)
LaTeX Font Info:    Trying to load font information for U+msb on input line 175
.

(c:/Users/mk99feta/AppData/Roaming/TinyTeX/texmf-dist/tex/latex/amsfonts/umsb.f
d
File: umsb.fd 2013/01/14 v3.01 AMS symbols B
) [1{c:/Users/mk99feta/AppData/Roaming/TinyTeX/texmf-var/fonts/map/pdftex/updma
p/pdftex.map}

] [2] [3]
LaTeX Font Info:    External font `lmex10' loaded for size
(Font)              <10.95> on input line 211.

Overfull \hbox (25.75887pt too wide) in paragraph at lines 206--223
 [] 
 []


LaTeX Warning: `h' float specifier changed to `ht'.

[4] [5]
<./pictures/datacollection.png, id=134, 483.30562pt x 300.3722pt>
File: ./pictures/datacollection.png Graphic file (type png)
<use ./pictures/datacollection.png>
Package pdftex.def Info: ./pictures/datacollection.png  used on input line 245.

(pdftex.def)             Requested size: 469.77197pt x 291.96107pt.
[6 <./pictures/datacollection.png>] [7]
LaTeX Font Info:    Trying to load font information for T1+lmtt on input line 3
01.
(c:/Users/mk99feta/AppData/Roaming/TinyTeX/texmf-dist/tex/latex/lm/t1lmtt.fd
File: t1lmtt.fd 2009/10/30 v1.6 Font defs for Latin Modern
)
Overfull \hbox (5.71321pt too wide) in paragraph at lines 333--333
[]\T1/lmtt/m/n/12 ##                  raw_alpha std.alpha G6(smc) average_r  S/
N alpha se var.r[] 
 []


Overfull \hbox (5.6852pt too wide) in paragraph at lines 333--333
[]\T1/lmtt/m/n/12 ## af_beiträge           0.75      0.76    0.62      0.62  3.
2    0.169    NA[] 
 []


Overfull \hbox (5.6992pt too wide) in paragraph at lines 333--333
[]\T1/lmtt/m/n/12 ## af_nachdenken         0.71      0.74    0.59      0.59  2.
9    0.185    NA[] 
 []


Overfull \hbox (5.6992pt too wide) in paragraph at lines 333--333
[]\T1/lmtt/m/n/12 ## af_wechselseitig      0.93      0.93    0.87      0.87 13.
7    0.049    NA[] 
 []

[8]
Overfull \hbox (221.84532pt too wide) in paragraph at lines 339--339
[]\T1/lmtt/m/n/12 ## Warning in alpha(self.cs.wide[, -1]): Some items were nega
tively correlated with the total scale and probably[] 
 []


Overfull \hbox (30.42023pt too wide) in paragraph at lines 345--345
[]\T1/lmtt/m/n/12 ## Some items ( ks_sichtbar ) were negatively correlated with
 the total scale and[] 
 []

[9]
Overfull \hbox (5.71321pt too wide) in paragraph at lines 379--379
[]\T1/lmtt/m/n/12 ##                 raw_alpha std.alpha G6(smc) average_r   S/
N alpha se var.r[] 
 []


Overfull \hbox (5.6992pt too wide) in paragraph at lines 379--379
[]\T1/lmtt/m/n/12 ## ks_sichtbar         -0.75     -0.36    0.13     -0.36 -0.2
6       NA     0[] 
 []


Overfull \hbox (5.6992pt too wide) in paragraph at lines 379--379
[]\T1/lmtt/m/n/12 ## ks_verständlich     -0.17     -0.36    0.13     -0.36 -0.2
6       NA     0[] 
 []

[10]
Overfull \hbox (24.23822pt too wide) in paragraph at lines 412--412
[]\T1/lmtt/m/n/12 ##                raw_alpha std.alpha G6(smc) average_r S/N a
lpha se var.r med.r[] 
 []


Overfull \hbox (24.22421pt too wide) in paragraph at lines 412--412
[]\T1/lmtt/m/n/12 ## km_aktiv            0.84      0.83    0.83      0.62 5.0  
  0.091 0.049  0.57[] 
 []


Overfull \hbox (24.22421pt too wide) in paragraph at lines 412--412
[]\T1/lmtt/m/n/12 ## km_klar             0.71      0.68    0.86      0.42 2.2  
  0.172 0.167  0.44[] 
 []


Overfull \hbox (24.22421pt too wide) in paragraph at lines 412--412
[]\T1/lmtt/m/n/12 ## km_mitbekommen      0.89      0.89    0.94      0.74 8.4  
  0.070 0.033  0.82[] 
 []


Overfull \hbox (24.23122pt too wide) in paragraph at lines 412--412
[]\T1/lmtt/m/n/12 ## km_ungestört        0.65      0.63    0.70      0.37 1.7  
  0.182 0.101  0.53[] 
 []

[11]
Overfull \hbox (11.88821pt too wide) in paragraph at lines 442--442
[]\T1/lmtt/m/n/12 ##             raw_alpha std.alpha G6(smc) average_r  S/N alp
ha se var.r med.r[] 
 []


Overfull \hbox (11.8742pt too wide) in paragraph at lines 442--442
[]\T1/lmtt/m/n/12 ## m_fiktiv         0.91      0.91    0.83      0.83 10.1    
0.065    NA  0.83[] 
 []


Overfull \hbox (11.8742pt too wide) in paragraph at lines 442--442
[]\T1/lmtt/m/n/12 ## m_natürlich      0.81      0.81    0.68      0.68  4.2    
0.135    NA  0.68[] 
 []


Overfull \hbox (11.83919pt too wide) in paragraph at lines 442--442
[]\T1/lmtt/m/n/12 ## m_verhalten      0.86      0.86    0.76      0.76  6.4    
0.096    NA  0.76[] 
 []

[12]
Overfull \hbox (5.71321pt too wide) in paragraph at lines 488--488
[]\T1/lmtt/m/n/12 ##                   raw_alpha std.alpha G6(smc) average_r S/
N alpha se var.r[] 
 []


Overfull \hbox (5.72021pt too wide) in paragraph at lines 488--488
[]\T1/lmtt/m/n/12 ## lkm_ausreden           0.81      0.81    0.88      0.47 4.
4     0.10 0.083[] 
 []


Overfull \hbox (5.7062pt too wide) in paragraph at lines 488--488
[]\T1/lmtt/m/n/12 ## lkm_freundlich         0.80      0.78    0.91      0.41 3.
5     0.09 0.120[] 
 []


Overfull \hbox (5.7062pt too wide) in paragraph at lines 488--488
[]\T1/lmtt/m/n/12 ## lkm_interesse          0.73      0.74    0.98      0.36 2.
8     0.15 0.114[] 
 []


Overfull \hbox (5.6852pt too wide) in paragraph at lines 488--488
[]\T1/lmtt/m/n/12 ## lkm_kritik             0.69      0.66    0.84      0.28 2.
0     0.16 0.122[] 
 []


Overfull \hbox (5.6992pt too wide) in paragraph at lines 488--488
[]\T1/lmtt/m/n/12 ## lkm_rückmeldungen      0.67      0.68    0.79      0.30 2.
1     0.18 0.088[] 
 []


Overfull \hbox (5.71321pt too wide) in paragraph at lines 488--488
[]\T1/lmtt/m/n/12 ## lkm_überlegen          0.77      0.78    0.88      0.41 3.
5     0.12 0.091[] 
 []


Underfull \vbox (badness 10000) has occurred while \output is active []

[13]
Overfull \hbox (30.42023pt too wide) in paragraph at lines 492--492
[]\T1/lmtt/m/n/12 ## Warning in cor.smooth(r): Matrix was not positive definite
, smoothing was done[] 
 []


Overfull \hbox (30.42023pt too wide) in paragraph at lines 500--500
[]\T1/lmtt/m/n/12 ## Warning in cor.smooth(R): Matrix was not positive definite
, smoothing was done[] 
 []


Overfull \hbox (30.42023pt too wide) in paragraph at lines 500--500
[]\T1/lmtt/m/n/12 ## Warning in cor.smooth(R): Matrix was not positive definite
, smoothing was done[] 
 []


Overfull \hbox (30.42023pt too wide) in paragraph at lines 500--500
[]\T1/lmtt/m/n/12 ## Warning in cor.smooth(R): Matrix was not positive definite
, smoothing was done[] 
 []

[14]
Overfull \hbox (5.71321pt too wide) in paragraph at lines 550--550
[]\T1/lmtt/m/n/12 ##                   raw_alpha std.alpha G6(smc) average_r S/
N alpha se var.r[] 
 []


Overfull \hbox (5.6992pt too wide) in paragraph at lines 550--550
[]\T1/lmtt/m/n/12 ## phb_alleangesehen      0.87      0.88    0.97      0.55 7.
3    0.072 0.099[] 
 []


Overfull \hbox (5.71321pt too wide) in paragraph at lines 550--550
[]\T1/lmtt/m/n/12 ## phb_augen              0.81      0.82    0.98      0.44 4.
7    0.104 0.113[] 
 []


Overfull \hbox (5.6922pt too wide) in paragraph at lines 550--550
[]\T1/lmtt/m/n/12 ## phb_blick              0.79      0.80    0.99      0.40 3.
9    0.114 0.102[] 
 []


Overfull \hbox (5.6852pt too wide) in paragraph at lines 550--550
[]\T1/lmtt/m/n/12 ## phb_gestik             0.88      0.88    0.96      0.56 7.
5    0.066 0.081[] 
 []


Overfull \hbox (5.6992pt too wide) in paragraph at lines 550--550
[]\T1/lmtt/m/n/12 ## phb_raum               0.88      0.89    0.97      0.57 8.
1    0.068 0.078[] 
 []


Overfull \hbox (5.71321pt too wide) in paragraph at lines 550--550
[]\T1/lmtt/m/n/12 ## phb_stand              0.78      0.80    0.86      0.40 4.
0    0.118 0.107[] 
 []


Overfull \hbox (5.7062pt too wide) in paragraph at lines 550--550
[]\T1/lmtt/m/n/12 ## phb_vorsichgeht        0.80      0.80    0.94      0.40 3.
9    0.108 0.110[] 
 []


Underfull \vbox (badness 10000) has occurred while \output is active []

[15]
Overfull \hbox (234.19533pt too wide) in paragraph at lines 556--556
[]\T1/lmtt/m/n/12 ## Warning in alpha(self.pvni.wide[, -1]): Some items were ne
gatively correlated with the total scale and probably[] 
 []


Overfull \hbox (36.59523pt too wide) in paragraph at lines 562--562
[]\T1/lmtt/m/n/12 ## Some items ( pi_nonverbal ) were negatively correlated wit
h the total scale and[] 
 []

[16]
Overfull \hbox (30.41322pt too wide) in paragraph at lines 596--596
[]\T1/lmtt/m/n/12 ##              raw_alpha std.alpha G6(smc) average_r   S/N a
lpha se var.r  med.r[] 
 []


Overfull \hbox (30.39221pt too wide) in paragraph at lines 596--596
[]\T1/lmtt/m/n/12 ## pi_direkt        -0.58     -0.72  -0.264    -0.264 -0.42  
   0.95    NA -0.264[] 
 []


Overfull \hbox (30.39922pt too wide) in paragraph at lines 596--596
[]\T1/lmtt/m/n/12 ## pi_nonverbal     -0.21     -0.22  -0.098    -0.098 -0.18  
   0.81    NA -0.098[] 
 []


Overfull \hbox (30.39221pt too wide) in paragraph at lines 596--596
[]\T1/lmtt/m/n/12 ## pi_zubewegen     -0.38     -0.40  -0.165    -0.165 -0.28  
   0.94    NA -0.165[] 
 []

[17]
Overfull \hbox (11.88821pt too wide) in paragraph at lines 626--626
[]\T1/lmtt/m/n/12 ##             raw_alpha std.alpha G6(smc) average_r  S/N alp
ha se var.r med.r[] 
 []


Overfull \hbox (11.88821pt too wide) in paragraph at lines 626--626
[]\T1/lmtt/m/n/12 ## ps_deutlich      0.65      0.70    0.54      0.54 2.32    
0.213    NA  0.54[] 
 []


Overfull \hbox (11.8602pt too wide) in paragraph at lines 626--626
[]\T1/lmtt/m/n/12 ## ps_impulse       0.89      0.89    0.79      0.79 7.75    
0.081    NA  0.79[] 
 []


Overfull \hbox (11.89522pt too wide) in paragraph at lines 626--626
[]\T1/lmtt/m/n/12 ## ps_klar          0.31      0.34    0.21      0.21 0.52    
0.434    NA  0.21[] 
 []


Overfull \hbox (30.42023pt too wide) in paragraph at lines 630--630
[]\T1/lmtt/m/n/12 ## Warning in cor.smooth(r): Matrix was not positive definite
, smoothing was done[] 
 []


Overfull \hbox (215.67032pt too wide) in paragraph at lines 636--636
[]\T1/lmtt/m/n/12 ## Warning in alpha(self.p.wide[, -1]): Some items were negat
ively correlated with the total scale and probably[] 
 []

[18]
Overfull \hbox (36.59523pt too wide) in paragraph at lines 642--642
[]\T1/lmtt/m/n/12 ## Some items ( pi_nonverbal ) were negatively correlated wit
h the total scale and[] 
 []


Overfull \hbox (30.42023pt too wide) in paragraph at lines 646--646
[]\T1/lmtt/m/n/12 ## Warning in cor.smooth(R): Matrix was not positive definite
, smoothing was done[] 
 []


Overfull \hbox (30.42023pt too wide) in paragraph at lines 676--676
[]\T1/lmtt/m/n/12 ## Warning in cor.smooth(R): Matrix was not positive definite
, smoothing was done[] 
 []


Overfull \hbox (30.42023pt too wide) in paragraph at lines 676--676
[]\T1/lmtt/m/n/12 ## Warning in cor.smooth(R): Matrix was not positive definite
, smoothing was done[] 
 []


Overfull \hbox (30.42023pt too wide) in paragraph at lines 676--676
[]\T1/lmtt/m/n/12 ## Warning in cor.smooth(R): Matrix was not positive definite
, smoothing was done[] 
 []


Overfull \hbox (30.42023pt too wide) in paragraph at lines 676--676
[]\T1/lmtt/m/n/12 ## Warning in cor.smooth(R): Matrix was not positive definite
, smoothing was done[] 
 []


Overfull \hbox (30.42023pt too wide) in paragraph at lines 676--676
[]\T1/lmtt/m/n/12 ## Warning in cor.smooth(R): Matrix was not positive definite
, smoothing was done[] 
 []


Overfull \hbox (30.42023pt too wide) in paragraph at lines 676--676
[]\T1/lmtt/m/n/12 ## Warning in cor.smooth(R): Matrix was not positive definite
, smoothing was done[] 
 []


Overfull \hbox (30.42023pt too wide) in paragraph at lines 676--676
[]\T1/lmtt/m/n/12 ## Warning in cor.smooth(R): Matrix was not positive definite
, smoothing was done[] 
 []


Overfull \hbox (30.42023pt too wide) in paragraph at lines 676--676
[]\T1/lmtt/m/n/12 ## Warning in cor.smooth(R): Matrix was not positive definite
, smoothing was done[] 
 []


Overfull \hbox (30.42023pt too wide) in paragraph at lines 676--676
[]\T1/lmtt/m/n/12 ## Warning in cor.smooth(R): Matrix was not positive definite
, smoothing was done[] 
 []


Overfull \hbox (30.42023pt too wide) in paragraph at lines 676--676
[]\T1/lmtt/m/n/12 ## Warning in cor.smooth(R): Matrix was not positive definite
, smoothing was done[] 
 []

[19]
Overfull \hbox (30.42023pt too wide) in paragraph at lines 676--676
[]\T1/lmtt/m/n/12 ## Warning in cor.smooth(R): Matrix was not positive definite
, smoothing was done[] 
 []


Overfull \hbox (30.42023pt too wide) in paragraph at lines 676--676
[]\T1/lmtt/m/n/12 ## Warning in cor.smooth(R): Matrix was not positive definite
, smoothing was done[] 
 []


Overfull \hbox (30.42023pt too wide) in paragraph at lines 676--676
[]\T1/lmtt/m/n/12 ## Warning in cor.smooth(R): Matrix was not positive definite
, smoothing was done[] 
 []


Overfull \hbox (30.42023pt too wide) in paragraph at lines 676--676
[]\T1/lmtt/m/n/12 ## Warning in cor.smooth(R): Matrix was not positive definite
, smoothing was done[] 
 []

[20]
Underfull \vbox (badness 10000) has occurred while \output is active []

[21] [22]
Overfull \hbox (5.71321pt too wide) in paragraph at lines 803--803
[]\T1/lmtt/m/n/12 ##                  raw_alpha std.alpha G6(smc) average_r  S/
N alpha se var.r[] 
 []


Overfull \hbox (5.71321pt too wide) in paragraph at lines 803--803
[]\T1/lmtt/m/n/12 ## af_beiträge           0.34      0.35    0.22      0.22 0.5
5     0.26    NA[] 
 []


Overfull \hbox (5.71321pt too wide) in paragraph at lines 803--803
[]\T1/lmtt/m/n/12 ## af_nachdenken         0.49      0.54    0.37      0.37 1.1
8     0.18    NA[] 
 []


Overfull \hbox (5.6922pt too wide) in paragraph at lines 803--803
[]\T1/lmtt/m/n/12 ## af_wechselseitig      0.26      0.27    0.16      0.16 0.3
7     0.29    NA[] 
 []

[23]
Overfull \hbox (30.41322pt too wide) in paragraph at lines 830--830
[]\T1/lmtt/m/n/12 ##                 raw_alpha std.alpha G6(smc) average_r S/N 
alpha se var.r med.r[] 
 []


Overfull \hbox (30.40622pt too wide) in paragraph at lines 830--830
[]\T1/lmtt/m/n/12 ## ks_sichtbar          0.64      0.47    0.22      0.47 0.9 
      NA     0  0.47[] 
 []


Overfull \hbox (30.41322pt too wide) in paragraph at lines 830--830
[]\T1/lmtt/m/n/12 ## ks_verständlich      0.35      0.47    0.22      0.47 0.9 
      NA     0  0.47[] 
 []

[24]
Overfull \hbox (30.41322pt too wide) in paragraph at lines 863--863
[]\T1/lmtt/m/n/12 ##                raw_alpha std.alpha G6(smc) average_r S/N a
lpha se  var.r med.r[] 
 []


Overfull \hbox (30.40622pt too wide) in paragraph at lines 863--863
[]\T1/lmtt/m/n/12 ## km_aktiv            0.59      0.59    0.50      0.33 1.5  
  0.143 0.0038  0.35[] 
 []


Overfull \hbox (30.39221pt too wide) in paragraph at lines 863--863
[]\T1/lmtt/m/n/12 ## km_klar             0.68      0.68    0.59      0.41 2.1  
  0.114 0.0063  0.37[] 
 []


Overfull \hbox (30.39922pt too wide) in paragraph at lines 863--863
[]\T1/lmtt/m/n/12 ## km_mitbekommen      0.76      0.76    0.73      0.52 3.2  
  0.085 0.0319  0.50[] 
 []


Overfull \hbox (30.39922pt too wide) in paragraph at lines 863--863
[]\T1/lmtt/m/n/12 ## km_ungestört        0.70      0.70    0.67      0.44 2.4  
  0.109 0.0555  0.36[] 
 []

[25]
Overfull \hbox (5.71321pt too wide) in paragraph at lines 893--893
[]\T1/lmtt/m/n/12 ##             raw_alpha std.alpha G6(smc) average_r S/N alph
a se var.r med.r[] 
 []


Overfull \hbox (5.6992pt too wide) in paragraph at lines 893--893
[]\T1/lmtt/m/n/12 ## m_fiktiv         0.71      0.71    0.56      0.56 2.5    0
.120    NA  0.56[] 
 []


Overfull \hbox (5.6992pt too wide) in paragraph at lines 893--893
[]\T1/lmtt/m/n/12 ## m_natürlich      0.89      0.90    0.82      0.82 8.9    0
.044    NA  0.82[] 
 []


Overfull \hbox (5.6992pt too wide) in paragraph at lines 893--893
[]\T1/lmtt/m/n/12 ## m_verhalten      0.75      0.75    0.61      0.61 3.1    0
.103    NA  0.61[] 
 []

[26]
Overfull \hbox (5.71321pt too wide) in paragraph at lines 939--939
[]\T1/lmtt/m/n/12 ##                   raw_alpha std.alpha G6(smc) average_r S/
N alpha se var.r[] 
 []


Overfull \hbox (5.71321pt too wide) in paragraph at lines 939--939
[]\T1/lmtt/m/n/12 ## lkm_ausreden           0.78      0.77    0.78      0.40 3.
3    0.063 0.043[] 
 []


Overfull \hbox (5.6992pt too wide) in paragraph at lines 939--939
[]\T1/lmtt/m/n/12 ## lkm_freundlich         0.85      0.86    0.86      0.54 5.
9    0.048 0.014[] 
 []


Overfull \hbox (5.6852pt too wide) in paragraph at lines 939--939
[]\T1/lmtt/m/n/12 ## lkm_interesse          0.79      0.76    0.85      0.39 3.
2    0.060 0.079[] 
 []


Overfull \hbox (5.7062pt too wide) in paragraph at lines 939--939
[]\T1/lmtt/m/n/12 ## lkm_kritik             0.81      0.80    0.85      0.44 3.
9    0.052 0.062[] 
 []


Overfull \hbox (5.6992pt too wide) in paragraph at lines 939--939
[]\T1/lmtt/m/n/12 ## lkm_rückmeldungen      0.76      0.74    0.81      0.36 2.
8    0.067 0.075[] 
 []


Overfull \hbox (5.7062pt too wide) in paragraph at lines 939--939
[]\T1/lmtt/m/n/12 ## lkm_überlegen          0.75      0.72    0.76      0.34 2.
6    0.070 0.057[] 
 []

[27]
Overfull \hbox (228.02032pt too wide) in paragraph at lines 945--945
[]\T1/lmtt/m/n/12 ## Warning in alpha(stud.ppg.wide[, -1]): Some items were neg
atively correlated with the total scale and probably[] 
 []


Overfull \hbox (18.07022pt too wide) in paragraph at lines 951--951
[]\T1/lmtt/m/n/12 ## Some items ( phb_stand ) were negatively correlated with t
he total scale and[] 
 []

[28]
Overfull \hbox (11.88821pt too wide) in paragraph at lines 1001--1001
[]\T1/lmtt/m/n/12 ##                   raw_alpha std.alpha G6(smc) average_r  S
/N alpha se var.r[] 
 []


Overfull \hbox (11.88121pt too wide) in paragraph at lines 1001--1001
[]\T1/lmtt/m/n/12 ## phb_alleangesehen      0.58      0.54    0.74     0.163 1.
17    0.119 0.120[] 
 []


Overfull \hbox (11.88121pt too wide) in paragraph at lines 1001--1001
[]\T1/lmtt/m/n/12 ## phb_augen              0.59      0.52    0.74     0.156 1.
10    0.113 0.138[] 
 []


Overfull \hbox (11.88821pt too wide) in paragraph at lines 1001--1001
[]\T1/lmtt/m/n/12 ## phb_blick              0.34      0.26    0.47     0.055 0.
35    0.187 0.074[] 
 []


Overfull \hbox (11.8532pt too wide) in paragraph at lines 1001--1001
[]\T1/lmtt/m/n/12 ## phb_gestik             0.43      0.36    0.66     0.085 0.
56    0.160 0.106[] 
 []


Overfull \hbox (11.8602pt too wide) in paragraph at lines 1001--1001
[]\T1/lmtt/m/n/12 ## phb_raum               0.67      0.61    0.76     0.203 1.
53    0.086 0.109[] 
 []


Overfull \hbox (11.84619pt too wide) in paragraph at lines 1001--1001
[]\T1/lmtt/m/n/12 ## phb_stand              0.68      0.68    0.76     0.259 2.
09    0.096 0.073[] 
 []


Overfull \hbox (11.88821pt too wide) in paragraph at lines 1001--1001
[]\T1/lmtt/m/n/12 ## phb_vorsichgeht        0.39      0.31    0.54     0.070 0.
45    0.171 0.100[] 
 []

[29]
Overfull \hbox (234.19533pt too wide) in paragraph at lines 1007--1007
[]\T1/lmtt/m/n/12 ## Warning in alpha(stud.pvni.wide[, -1]): Some items were ne
gatively correlated with the total scale and probably[] 
 []


Overfull \hbox (18.07022pt too wide) in paragraph at lines 1013--1013
[]\T1/lmtt/m/n/12 ## Some items ( pi_direkt ) were negatively correlated with t
he total scale and[] 
 []

[30]
Overfull \hbox (24.23822pt too wide) in paragraph at lines 1043--1043
[]\T1/lmtt/m/n/12 ##              raw_alpha std.alpha G6(smc) average_r   S/N a
lpha se var.r med.r[] 
 []


Overfull \hbox (24.23822pt too wide) in paragraph at lines 1043--1043
[]\T1/lmtt/m/n/12 ## pi_direkt         0.40      0.40    0.25      0.25  0.68  
   0.24    NA  0.25[] 
 []


Overfull \hbox (24.24522pt too wide) in paragraph at lines 1043--1043
[]\T1/lmtt/m/n/12 ## pi_nonverbal      0.30      0.30    0.18      0.18  0.44  
   0.28    NA  0.18[] 
 []


Overfull \hbox (24.2102pt too wide) in paragraph at lines 1043--1043
[]\T1/lmtt/m/n/12 ## pi_zubewegen     -0.64     -0.66   -0.25     -0.25 -0.40  
   0.66    NA -0.25[] 
 []

[31]
Overfull \hbox (11.88821pt too wide) in paragraph at lines 1073--1073
[]\T1/lmtt/m/n/12 ##             raw_alpha std.alpha G6(smc) average_r  S/N alp
ha se var.r med.r[] 
 []


Overfull \hbox (11.8672pt too wide) in paragraph at lines 1073--1073
[]\T1/lmtt/m/n/12 ## ps_deutlich      0.61      0.62    0.44      0.44 1.60    
 0.16    NA  0.44[] 
 []


Overfull \hbox (11.8602pt too wide) in paragraph at lines 1073--1073
[]\T1/lmtt/m/n/12 ## ps_impulse       0.76      0.76    0.61      0.61 3.08    
 0.10    NA  0.61[] 
 []


Overfull \hbox (11.88121pt too wide) in paragraph at lines 1073--1073
[]\T1/lmtt/m/n/12 ## ps_klar          0.49      0.50    0.33      0.33 0.98    
 0.20    NA  0.33[] 
 []

[32]
Overfull \hbox (215.67032pt too wide) in paragraph at lines 1079--1079
[]\T1/lmtt/m/n/12 ## Warning in alpha(stud.p.wide[, -1]): Some items were negat
ively correlated with the total scale and probably[] 
 []


Overfull \hbox (18.07022pt too wide) in paragraph at lines 1085--1085
[]\T1/lmtt/m/n/12 ## Some items ( phb_stand ) were negatively correlated with t
he total scale and[] 
 []


Overfull \hbox (5.71321pt too wide) in paragraph at lines 1159--1159
[]\T1/lmtt/m/n/12 ##                   raw_alpha std.alpha G6(smc) average_r S/
N alpha se var.r[] 
 []


Overfull \hbox (5.6922pt too wide) in paragraph at lines 1159--1159
[]\T1/lmtt/m/n/12 ## phb_alleangesehen      0.68      0.63    0.86     0.125 1.
7    0.088 0.079[] 
 []


Overfull \hbox (5.7062pt too wide) in paragraph at lines 1159--1159
[]\T1/lmtt/m/n/12 ## phb_augen              0.72      0.68    0.90     0.150 2.
1    0.080 0.083[] 
 []


Overfull \hbox (5.6852pt too wide) in paragraph at lines 1159--1159
[]\T1/lmtt/m/n/12 ## phb_blick              0.63      0.57    0.83     0.099 1.
3    0.106 0.068[] 
 []


Overfull \hbox (5.6992pt too wide) in paragraph at lines 1159--1159
[]\T1/lmtt/m/n/12 ## phb_gestik             0.65      0.60    0.86     0.110 1.
5    0.100 0.072[] 
 []


Overfull \hbox (5.7062pt too wide) in paragraph at lines 1159--1159
[]\T1/lmtt/m/n/12 ## phb_raum               0.70      0.65    0.87     0.135 1.
9    0.081 0.078[] 
 []


Overfull \hbox (5.6992pt too wide) in paragraph at lines 1159--1159
[]\T1/lmtt/m/n/12 ## phb_stand              0.74      0.73    0.90     0.182 2.
7    0.073 0.066[] 
 []


Overfull \hbox (5.6922pt too wide) in paragraph at lines 1159--1159
[]\T1/lmtt/m/n/12 ## phb_vorsichgeht        0.65      0.60    0.85     0.110 1.
5    0.099 0.072[] 
 []


Overfull \hbox (5.6992pt too wide) in paragraph at lines 1159--1159
[]\T1/lmtt/m/n/12 ## pi_direkt              0.72      0.69    0.90     0.155 2.
2    0.078 0.078[] 
 []

[33]
Overfull \hbox (5.6922pt too wide) in paragraph at lines 1159--1159
[]\T1/lmtt/m/n/12 ## pi_nonverbal           0.67      0.62    0.86     0.122 1.
7    0.093 0.070[] 
 []


Overfull \hbox (5.6992pt too wide) in paragraph at lines 1159--1159
[]\T1/lmtt/m/n/12 ## pi_zubewegen           0.70      0.66    0.87     0.141 2.
0    0.082 0.079[] 
 []


Overfull \hbox (5.7062pt too wide) in paragraph at lines 1159--1159
[]\T1/lmtt/m/n/12 ## ps_deutlich            0.72      0.67    0.89     0.147 2.
1    0.077 0.078[] 
 []


Overfull \hbox (5.6852pt too wide) in paragraph at lines 1159--1159
[]\T1/lmtt/m/n/12 ## ps_impulse             0.67      0.61    0.87     0.115 1.
6    0.092 0.079[] 
 []


Overfull \hbox (5.7062pt too wide) in paragraph at lines 1159--1159
[]\T1/lmtt/m/n/12 ## ps_klar                0.70      0.65    0.85     0.133 1.
8    0.081 0.076[] 
 []


Underfull \vbox (badness 10000) has occurred while \output is active []

[34]

LaTeX Warning: `h' float specifier changed to `ht'.

[35]
<paper_1_supplement_new_table_files/figure-latex/Line Plots Classroom Managemen
t-1.pdf, id=283, 433.62pt x 433.62pt>
File: paper_1_supplement_new_table_files/figure-latex/Line Plots Classroom Mana
gement-1.pdf Graphic file (type pdf)
<use paper_1_supplement_new_table_files/figure-latex/Line Plots Classroom Manag
ement-1.pdf>
Package pdftex.def Info: paper_1_supplement_new_table_files/figure-latex/Line P
lots Classroom Management-1.pdf  used on input line 1201.
(pdftex.def)             Requested size: 433.63878pt x 433.63878pt.

Underfull \vbox (badness 10000) has occurred while \output is active []

[36] [37 <./paper_1_supplement_new_table_files/figure-latex/Line Plots Classroo
m Management-1.pdf>]
<paper_1_supplement_new_table_files/figure-latex/Positive climate and motivatio
n line plots-1.pdf, id=301, 433.62pt x 505.89pt>
File: paper_1_supplement_new_table_files/figure-latex/Positive climate and moti
vation line plots-1.pdf Graphic file (type pdf)
<use paper_1_supplement_new_table_files/figure-latex/Positive climate and motiv
ation line plots-1.pdf>
Package pdftex.def Info: paper_1_supplement_new_table_files/figure-latex/Positi
ve climate and motivation line plots-1.pdf  used on input line 1205.
(pdftex.def)             Requested size: 433.62555pt x 505.89645pt.
[38 <./paper_1_supplement_new_table_files/figure-latex/Positive climate and mot
ivation line plots-1.pdf>]
<paper_1_supplement_new_table_files/figure-latex/Clarity and structuredness lin
e plots-1.pdf, id=312, 433.62pt x 433.62pt>
File: paper_1_supplement_new_table_files/figure-latex/Clarity and structurednes
s line plots-1.pdf Graphic file (type pdf)
<use paper_1_supplement_new_table_files/figure-latex/Clarity and structuredness
 line plots-1.pdf>
Package pdftex.def Info: paper_1_supplement_new_table_files/figure-latex/Clarit
y and structuredness line plots-1.pdf  used on input line 1209.
(pdftex.def)             Requested size: 433.63878pt x 433.63878pt.
[39 <./paper_1_supplement_new_table_files/figure-latex/Clarity and structuredne
ss line plots-1.pdf>]
<paper_1_supplement_new_table_files/figure-latex/Activation and support line pl
ots-1.pdf, id=323, 433.62pt x 433.62pt>
File: paper_1_supplement_new_table_files/figure-latex/Activation and support li
ne plots-1.pdf Graphic file (type pdf)
<use paper_1_supplement_new_table_files/figure-latex/Activation and support lin
e plots-1.pdf>
Package pdftex.def Info: paper_1_supplement_new_table_files/figure-latex/Activa
tion and support line plots-1.pdf  used on input line 1213.
(pdftex.def)             Requested size: 433.63878pt x 433.63878pt.
[40 <./paper_1_supplement_new_table_files/figure-latex/Activation and support l
ine plots-1.pdf>]
<./pictures/presenceposturegaze.png, id=334, 433.62pt x 433.62pt>
File: ./pictures/presenceposturegaze.png Graphic file (type png)
<use ./pictures/presenceposturegaze.png>
Package pdftex.def Info: ./pictures/presenceposturegaze.png  used on input line
 1221.
(pdftex.def)             Requested size: 433.63878pt x 433.63878pt.
[41 <./pictures/presenceposturegaze.png>]
<./pictures/presencevoice.png, id=341, 433.62pt x 433.62pt>
File: ./pictures/presencevoice.png Graphic file (type png)
<use ./pictures/presencevoice.png>
Package pdftex.def Info: ./pictures/presencevoice.png  used on input line 1234.

(pdftex.def)             Requested size: 433.63878pt x 433.63878pt.
[42 <./pictures/presencevoice.png>]
<./pictures/presenceverbalnonverbalintervention.png, id=348, 433.62pt x 433.62p
t>
File: ./pictures/presenceverbalnonverbalintervention.png Graphic file (type png
)
<use ./pictures/presenceverbalnonverbalintervention.png>
Package pdftex.def Info: ./pictures/presenceverbalnonverbalintervention.png  us
ed on input line 1246.
(pdftex.def)             Requested size: 433.63878pt x 433.63878pt.
[43 <./pictures/presenceverbalnonverbalintervention.png>]
<paper_1_supplement_new_table_files/figure-latex/Natural behaviour line plots-1
.pdf, id=356, 433.62pt x 433.62pt>
File: paper_1_supplement_new_table_files/figure-latex/Natural behaviour line pl
ots-1.pdf Graphic file (type pdf)
<use paper_1_supplement_new_table_files/figure-latex/Natural behaviour line plo
ts-1.pdf>
Package pdftex.def Info: paper_1_supplement_new_table_files/figure-latex/Natura
l behaviour line plots-1.pdf  used on input line 1260.
(pdftex.def)             Requested size: 433.63878pt x 433.63878pt.
[44 <./paper_1_supplement_new_table_files/figure-latex/Natural behaviour line p
lots-1.pdf>]
<paper_1_supplement_new_table_files/figure-latex/boxplot scales-1.pdf, id=367, 
433.62pt x 578.16pt>
File: paper_1_supplement_new_table_files/figure-latex/boxplot scales-1.pdf Grap
hic file (type pdf)
<use paper_1_supplement_new_table_files/figure-latex/boxplot scales-1.pdf>
Package pdftex.def Info: paper_1_supplement_new_table_files/figure-latex/boxplo
t scales-1.pdf  used on input line 1267.
(pdftex.def)             Requested size: 433.63878pt x 578.18504pt.
[45] [46 <./paper_1_supplement_new_table_files/figure-latex/boxplot scales-1.pd
f>]
LaTeX Font Info:    Trying to load font information for TS1+lmr on input line 1
280.
(c:/Users/mk99feta/AppData/Roaming/TinyTeX/texmf-dist/tex/latex/lm/ts1lmr.fd
File: ts1lmr.fd 2009/10/30 v1.6 Font defs for Latin Modern
) [47] [48]
<paper_1_supplement_new_table_files/figure-latex/speaking plot-1.pdf, id=396, 4
69.755pt x 325.215pt>
File: paper_1_supplement_new_table_files/figure-latex/speaking plot-1.pdf Graph
ic file (type pdf)
<use paper_1_supplement_new_table_files/figure-latex/speaking plot-1.pdf>
Package pdftex.def Info: paper_1_supplement_new_table_files/figure-latex/speaki
ng plot-1.pdf  used on input line 1329.
(pdftex.def)             Requested size: 469.75386pt x 325.2142pt.

Overfull \hbox (28.90639pt too wide) in paragraph at lines 1329--1330
[][]  
 []

[49 <./paper_1_supplement_new_table_files/figure-latex/speaking plot-1.pdf>]
LaTeX Font Info:    External font `lmex10' loaded for size
(Font)              <5> on input line 1350.

LaTeX Warning: `h' float specifier changed to `ht'.

[50] [51]

Package hyperref Warning: Difference (2) between bookmark levels is greater 
(hyperref)                than one, level fixed on input line 1428.

[52] [53] [54] [55] AED endfloat: Processing end Figures and Tables [56] (./pap
er_1_supplement_new_table.aux)
Package rerunfilecheck Info: File `paper_1_supplement_new_table.out' has not ch
anged.
(rerunfilecheck)             Checksum: 10DA996242BC3B861B8B0F9C45B87BEF;3094.
 ) 
Here is how much of TeX's memory you used:
 14838 strings out of 481252
 228262 string characters out of 5913865
 551764 words of memory out of 5000000
 31289 multiletter control sequences out of 15000+600000
 470372 words of font info for 84 fonts, out of 8000000 for 9000
 14 hyphenation exceptions out of 8191
 83i,11n,88p,2267b,591s stack positions out of 5000i,500n,10000p,200000b,80000s
{c:/Users/mk99feta/AppData/Roaming/TinyTeX/texmf-dist/fonts/enc/dvips/lm/lm-e
c.enc}{c:/Users/mk99feta/AppData/Roaming/TinyTeX/texmf-dist/fonts/enc/dvips/lm/
lm-ts1.enc}<c:/Users/mk99feta/AppData/Roaming/TinyTeX/texmf-dist/fonts/type1/pu
blic/lm/lmbx12.pfb><c:/Users/mk99feta/AppData/Roaming/TinyTeX/texmf-dist/fonts/
type1/public/lm/lmbxi10.pfb><c:/Users/mk99feta/AppData/Roaming/TinyTeX/texmf-di
st/fonts/type1/public/lm/lmr10.pfb><c:/Users/mk99feta/AppData/Roaming/TinyTeX/t
exmf-dist/fonts/type1/public/lm/lmr12.pfb><c:/Users/mk99feta/AppData/Roaming/Ti
nyTeX/texmf-dist/fonts/type1/public/lm/lmr8.pfb><c:/Users/mk99feta/AppData/Roam
ing/TinyTeX/texmf-dist/fonts/type1/public/lm/lmri12.pfb><c:/Users/mk99feta/AppD
ata/Roaming/TinyTeX/texmf-dist/fonts/type1/public/lm/lmss8.pfb><c:/Users/mk99fe
ta/AppData/Roaming/TinyTeX/texmf-dist/fonts/type1/public/lm/lmtt12.pfb>
Output written on paper_1_supplement_new_table.pdf (56 pages, 943288 bytes).
PDF statistics:
 577 PDF objects out of 1000 (max. 8388607)
 484 compressed objects within 5 object streams
 169 named destinations out of 1000 (max. 500000)
 240 words of extra memory for PDF output out of 10000 (max. 10000000)

